{"/Users/Sayre/coding/CodingChallenge/src/components/app.js": {"path":"/Users/Sayre/coding/CodingChallenge/src/components/app.js","statementMap":{"0":{"start":{"line":8,"column":19},"end":{"line":18,"column":1}},"1":{"start":{"line":9,"column":2},"end":{"line":17,"column":3}}},"fnMap":{"0":{"name":"(anonymous_0)","decl":{"start":{"line":8,"column":19},"end":{"line":8,"column":20}},"loc":{"start":{"line":8,"column":25},"end":{"line":18,"column":1}},"line":8}},"branchMap":{},"s":{"0":1,"1":1},"f":{"0":1},"b":{},"_coverageSchema":"1a1c01bbd47fc00a2c39e90264f33305004495a9","hash":"9e4a96736112846edb3935bb65f7292970799001"}
,"/Users/Sayre/coding/CodingChallenge/src/components/forms/fields/checkbox.js": {"path":"/Users/Sayre/coding/CodingChallenge/src/components/forms/fields/checkbox.js","statementMap":{"0":{"start":{"line":5,"column":26},"end":{"line":22,"column":1}},"1":{"start":{"line":7,"column":2},"end":{"line":21,"column":3}},"2":{"start":{"line":10,"column":8},"end":{"line":16,"column":9}},"3":{"start":{"line":11,"column":10},"end":{"line":11,"column":32}},"4":{"start":{"line":12,"column":10},"end":{"line":12,"column":68}},"5":{"start":{"line":14,"column":10},"end":{"line":14,"column":31}},"6":{"start":{"line":15,"column":10},"end":{"line":15,"column":67}}},"fnMap":{"0":{"name":"(anonymous_0)","decl":{"start":{"line":5,"column":26},"end":{"line":5,"column":27}},"loc":{"start":{"line":5,"column":67},"end":{"line":22,"column":1}},"line":5},"1":{"name":"(anonymous_1)","decl":{"start":{"line":9,"column":55},"end":{"line":9,"column":56}},"loc":{"start":{"line":9,"column":62},"end":{"line":17,"column":7}},"line":9}},"branchMap":{"0":{"loc":{"start":{"line":10,"column":8},"end":{"line":16,"column":9}},"type":"if","locations":[{"start":{"line":10,"column":8},"end":{"line":16,"column":9}},{"start":{"line":13,"column":15},"end":{"line":16,"column":9}}],"line":10}},"s":{"0":2,"1":1,"2":0,"3":0,"4":0,"5":0,"6":0},"f":{"0":1,"1":0},"b":{"0":[0,0]},"_coverageSchema":"1a1c01bbd47fc00a2c39e90264f33305004495a9","hash":"c80b7fb2ae8d7fbb36139f58668ddfb2ffc88e3a"}
,"/Users/Sayre/coding/CodingChallenge/src/components/forms/fields/multiSelect.js": {"path":"/Users/Sayre/coding/CodingChallenge/src/components/forms/fields/multiSelect.js","statementMap":{"0":{"start":{"line":11,"column":29},"end":{"line":32,"column":1}},"1":{"start":{"line":12,"column":2},"end":{"line":31,"column":3}},"2":{"start":{"line":16,"column":24},"end":{"line":16,"column":26}},"3":{"start":{"line":17,"column":8},"end":{"line":21,"column":9}},"4":{"start":{"line":18,"column":10},"end":{"line":20,"column":11}},"5":{"start":{"line":19,"column":12},"end":{"line":19,"column":41}},"6":{"start":{"line":22,"column":8},"end":{"line":22,"column":66}},"7":{"start":{"line":25,"column":10},"end":{"line":27,"column":11}}},"fnMap":{"0":{"name":"(anonymous_0)","decl":{"start":{"line":11,"column":29},"end":{"line":11,"column":30}},"loc":{"start":{"line":11,"column":70},"end":{"line":32,"column":1}},"line":11},"1":{"name":"(anonymous_1)","decl":{"start":{"line":15,"column":106},"end":{"line":15,"column":107}},"loc":{"start":{"line":15,"column":113},"end":{"line":23,"column":7}},"line":15},"2":{"name":"(anonymous_2)","decl":{"start":{"line":24,"column":34},"end":{"line":24,"column":35}},"loc":{"start":{"line":24,"column":79},"end":{"line":28,"column":9}},"line":24}},"branchMap":{"0":{"loc":{"start":{"line":18,"column":10},"end":{"line":20,"column":11}},"type":"if","locations":[{"start":{"line":18,"column":10},"end":{"line":20,"column":11}},{"start":{},"end":{}}],"line":18}},"s":{"0":2,"1":1,"2":0,"3":0,"4":0,"5":0,"6":0,"7":10},"f":{"0":1,"1":0,"2":10},"b":{"0":[0,0]},"_coverageSchema":"1a1c01bbd47fc00a2c39e90264f33305004495a9","hash":"8b98c90f6b94e7d2b2a1275ac61b72e4779a9f95"}
,"/Users/Sayre/coding/CodingChallenge/src/components/forms/fields/radioSelector.js": {"path":"/Users/Sayre/coding/CodingChallenge/src/components/forms/fields/radioSelector.js","statementMap":{"0":{"start":{"line":6,"column":31},"end":{"line":36,"column":1}},"1":{"start":{"line":7,"column":2},"end":{"line":35,"column":3}},"2":{"start":{"line":12,"column":10},"end":{"line":12,"column":70}},"3":{"start":{"line":18,"column":10},"end":{"line":18,"column":70}},"4":{"start":{"line":24,"column":10},"end":{"line":24,"column":70}},"5":{"start":{"line":30,"column":10},"end":{"line":30,"column":70}}},"fnMap":{"0":{"name":"(anonymous_0)","decl":{"start":{"line":6,"column":31},"end":{"line":6,"column":32}},"loc":{"start":{"line":6,"column":72},"end":{"line":36,"column":1}},"line":6},"1":{"name":"(anonymous_1)","decl":{"start":{"line":11,"column":100},"end":{"line":11,"column":101}},"loc":{"start":{"line":11,"column":106},"end":{"line":13,"column":9}},"line":11},"2":{"name":"(anonymous_2)","decl":{"start":{"line":17,"column":100},"end":{"line":17,"column":101}},"loc":{"start":{"line":17,"column":106},"end":{"line":19,"column":9}},"line":17},"3":{"name":"(anonymous_3)","decl":{"start":{"line":23,"column":102},"end":{"line":23,"column":103}},"loc":{"start":{"line":23,"column":108},"end":{"line":25,"column":9}},"line":23},"4":{"name":"(anonymous_4)","decl":{"start":{"line":29,"column":101},"end":{"line":29,"column":102}},"loc":{"start":{"line":29,"column":107},"end":{"line":31,"column":9}},"line":29}},"branchMap":{},"s":{"0":2,"1":1,"2":0,"3":0,"4":0,"5":0},"f":{"0":1,"1":0,"2":0,"3":0,"4":0},"b":{},"_coverageSchema":"1a1c01bbd47fc00a2c39e90264f33305004495a9","hash":"e45c72048f427aac74d51c1cc0ec59d22c281d58"}
,"/Users/Sayre/coding/CodingChallenge/src/components/forms/fields/select.js": {"path":"/Users/Sayre/coding/CodingChallenge/src/components/forms/fields/select.js","statementMap":{"0":{"start":{"line":8,"column":30},"end":{"line":29,"column":1}},"1":{"start":{"line":9,"column":2},"end":{"line":9,"column":29}},"2":{"start":{"line":9,"column":16},"end":{"line":9,"column":29}},"3":{"start":{"line":11,"column":2},"end":{"line":28,"column":3}},"4":{"start":{"line":14,"column":68},"end":{"line":14,"column":114}},"5":{"start":{"line":16,"column":10},"end":{"line":24,"column":11}},"6":{"start":{"line":17,"column":12},"end":{"line":19,"column":13}},"7":{"start":{"line":21,"column":12},"end":{"line":23,"column":13}}},"fnMap":{"0":{"name":"(anonymous_0)","decl":{"start":{"line":8,"column":30},"end":{"line":8,"column":31}},"loc":{"start":{"line":8,"column":87},"end":{"line":29,"column":1}},"line":8},"1":{"name":"(anonymous_1)","decl":{"start":{"line":14,"column":61},"end":{"line":14,"column":62}},"loc":{"start":{"line":14,"column":68},"end":{"line":14,"column":114}},"line":14},"2":{"name":"(anonymous_2)","decl":{"start":{"line":15,"column":18},"end":{"line":15,"column":19}},"loc":{"start":{"line":15,"column":50},"end":{"line":25,"column":9}},"line":15}},"branchMap":{"0":{"loc":{"start":{"line":9,"column":2},"end":{"line":9,"column":29}},"type":"if","locations":[{"start":{"line":9,"column":2},"end":{"line":9,"column":29}},{"start":{},"end":{}}],"line":9},"1":{"loc":{"start":{"line":16,"column":10},"end":{"line":24,"column":11}},"type":"if","locations":[{"start":{"line":16,"column":10},"end":{"line":24,"column":11}},{"start":{"line":20,"column":17},"end":{"line":24,"column":11}}],"line":16}},"s":{"0":2,"1":1,"2":1,"3":1,"4":0,"5":7,"6":0,"7":7},"f":{"0":1,"1":0,"2":7},"b":{"0":[1,0],"1":[0,7]},"_coverageSchema":"1a1c01bbd47fc00a2c39e90264f33305004495a9","hash":"6c42ccffe68f06651004e1072107313ada2f49a0"}
,"/Users/Sayre/coding/CodingChallenge/src/components/forms/fields/textInput.js": {"path":"/Users/Sayre/coding/CodingChallenge/src/components/forms/fields/textInput.js","statementMap":{"0":{"start":{"line":6,"column":27},"end":{"line":14,"column":1}},"1":{"start":{"line":8,"column":2},"end":{"line":13,"column":3}},"2":{"start":{"line":10,"column":6},"end":{"line":10,"column":47}}},"fnMap":{"0":{"name":"(anonymous_0)","decl":{"start":{"line":6,"column":27},"end":{"line":6,"column":28}},"loc":{"start":{"line":6,"column":110},"end":{"line":14,"column":1}},"line":6},"1":{"name":"(anonymous_1)","decl":{"start":{"line":9,"column":106},"end":{"line":9,"column":107}},"loc":{"start":{"line":9,"column":113},"end":{"line":11,"column":5}},"line":9}},"branchMap":{},"s":{"0":2,"1":1,"2":0},"f":{"0":1,"1":0},"b":{},"_coverageSchema":"1a1c01bbd47fc00a2c39e90264f33305004495a9","hash":"508f10ec49d24dd5ada5be30b376575652dea2f8"}
,"/Users/Sayre/coding/CodingChallenge/src/components/forms/fields/textarea.js": {"path":"/Users/Sayre/coding/CodingChallenge/src/components/forms/fields/textarea.js","statementMap":{"0":{"start":{"line":6,"column":26},"end":{"line":16,"column":1}},"1":{"start":{"line":7,"column":2},"end":{"line":15,"column":3}},"2":{"start":{"line":11,"column":8},"end":{"line":11,"column":62}}},"fnMap":{"0":{"name":"(anonymous_0)","decl":{"start":{"line":6,"column":26},"end":{"line":6,"column":27}},"loc":{"start":{"line":6,"column":67},"end":{"line":16,"column":1}},"line":6},"1":{"name":"(anonymous_1)","decl":{"start":{"line":10,"column":72},"end":{"line":10,"column":73}},"loc":{"start":{"line":10,"column":79},"end":{"line":12,"column":7}},"line":10}},"branchMap":{},"s":{"0":2,"1":1,"2":0},"f":{"0":1,"1":0},"b":{},"_coverageSchema":"1a1c01bbd47fc00a2c39e90264f33305004495a9","hash":"f7d7b871ebf110a76ebca1c6424b064405a0a23e"}
,"/Users/Sayre/coding/CodingChallenge/src/components/userApplication/index.js": {"path":"/Users/Sayre/coding/CodingChallenge/src/components/userApplication/index.js","statementMap":{"0":{"start":{"line":7,"column":24},"end":{"line":68,"column":1}},"1":{"start":{"line":8,"column":2},"end":{"line":67,"column":3}},"2":{"start":{"line":58,"column":12},"end":{"line":58,"column":50}}},"fnMap":{"0":{"name":"(anonymous_0)","decl":{"start":{"line":7,"column":24},"end":{"line":7,"column":25}},"loc":{"start":{"line":7,"column":216},"end":{"line":68,"column":1}},"line":7},"1":{"name":"(anonymous_1)","decl":{"start":{"line":57,"column":40},"end":{"line":57,"column":41}},"loc":{"start":{"line":57,"column":79},"end":{"line":59,"column":11}},"line":57}},"branchMap":{},"s":{"0":1,"1":0,"2":0},"f":{"0":0,"1":0},"b":{},"_coverageSchema":"1a1c01bbd47fc00a2c39e90264f33305004495a9","hash":"63c90b9ecae276155f451488845fc40abb18b48f"}
,"/Users/Sayre/coding/CodingChallenge/src/containers/applicationResponse.js": {"path":"/Users/Sayre/coding/CodingChallenge/src/containers/applicationResponse.js","statementMap":{"0":{"start":{"line":16,"column":28},"end":{"line":46,"column":1}},"1":{"start":{"line":17,"column":23},"end":{"line":17,"column":36}},"2":{"start":{"line":19,"column":2},"end":{"line":21,"column":16}},"3":{"start":{"line":20,"column":4},"end":{"line":20,"column":26}},"4":{"start":{"line":23,"column":2},"end":{"line":45,"column":3}},"5":{"start":{"line":49,"column":24},"end":{"line":51,"column":2}},"6":{"start":{"line":49,"column":36},"end":{"line":51,"column":1}}},"fnMap":{"0":{"name":"(anonymous_0)","decl":{"start":{"line":16,"column":28},"end":{"line":16,"column":29}},"loc":{"start":{"line":16,"column":220},"end":{"line":46,"column":1}},"line":16},"1":{"name":"(anonymous_1)","decl":{"start":{"line":19,"column":12},"end":{"line":19,"column":13}},"loc":{"start":{"line":19,"column":18},"end":{"line":21,"column":3}},"line":19},"2":{"name":"(anonymous_2)","decl":{"start":{"line":49,"column":24},"end":{"line":49,"column":25}},"loc":{"start":{"line":49,"column":36},"end":{"line":51,"column":1}},"line":49}},"branchMap":{},"s":{"0":1,"1":0,"2":0,"3":0,"4":0,"5":1,"6":0},"f":{"0":0,"1":0,"2":0},"b":{},"_coverageSchema":"1a1c01bbd47fc00a2c39e90264f33305004495a9","hash":"6e4c27cb46538e327941e19ca42b361aa822e674"}
,"/Users/Sayre/coding/CodingChallenge/src/containers/form.js": {"path":"/Users/Sayre/coding/CodingChallenge/src/containers/form.js","statementMap":{"0":{"start":{"line":27,"column":76},"end":{"line":27,"column":93}},"1":{"start":{"line":31,"column":16},"end":{"line":119,"column":1}},"2":{"start":{"line":32,"column":17},"end":{"line":32,"column":30}},"3":{"start":{"line":33,"column":2},"end":{"line":118,"column":3}},"4":{"start":{"line":40,"column":10},"end":{"line":40,"column":29}},"5":{"start":{"line":41,"column":23},"end":{"line":41,"column":38}},"6":{"start":{"line":42,"column":22},"end":{"line":42,"column":33}},"7":{"start":{"line":43,"column":27},"end":{"line":43,"column":45}},"8":{"start":{"line":44,"column":31},"end":{"line":44,"column":55}},"9":{"start":{"line":45,"column":10},"end":{"line":45,"column":36}},"10":{"start":{"line":46,"column":10},"end":{"line":46,"column":28}},"11":{"start":{"line":51,"column":16},"end":{"line":63,"column":17}},"12":{"start":{"line":89,"column":16},"end":{"line":102,"column":17}},"13":{"start":{"line":121,"column":27},"end":{"line":123,"column":2}},"14":{"start":{"line":121,"column":42},"end":{"line":123,"column":1}},"15":{"start":{"line":122,"column":66},"end":{"line":122,"column":119}},"16":{"start":{"line":125,"column":24},"end":{"line":127,"column":2}},"17":{"start":{"line":125,"column":36},"end":{"line":127,"column":1}}},"fnMap":{"0":{"name":"(anonymous_0)","decl":{"start":{"line":31,"column":16},"end":{"line":31,"column":17}},"loc":{"start":{"line":31,"column":73},"end":{"line":119,"column":1}},"line":31},"1":{"name":"(anonymous_1)","decl":{"start":{"line":39,"column":125},"end":{"line":39,"column":126}},"loc":{"start":{"line":39,"column":132},"end":{"line":47,"column":9}},"line":39},"2":{"name":"(anonymous_2)","decl":{"start":{"line":50,"column":29},"end":{"line":50,"column":30}},"loc":{"start":{"line":50,"column":69},"end":{"line":64,"column":15}},"line":50},"3":{"name":"(anonymous_3)","decl":{"start":{"line":88,"column":42},"end":{"line":88,"column":43}},"loc":{"start":{"line":88,"column":91},"end":{"line":103,"column":15}},"line":88},"4":{"name":"(anonymous_4)","decl":{"start":{"line":121,"column":27},"end":{"line":121,"column":28}},"loc":{"start":{"line":121,"column":42},"end":{"line":123,"column":1}},"line":121},"5":{"name":"(anonymous_5)","decl":{"start":{"line":122,"column":23},"end":{"line":122,"column":24}},"loc":{"start":{"line":122,"column":66},"end":{"line":122,"column":119}},"line":122},"6":{"name":"(anonymous_6)","decl":{"start":{"line":125,"column":24},"end":{"line":125,"column":25}},"loc":{"start":{"line":125,"column":36},"end":{"line":127,"column":1}},"line":125}},"branchMap":{},"s":{"0":1,"1":1,"2":0,"3":0,"4":0,"5":0,"6":0,"7":0,"8":0,"9":0,"10":0,"11":0,"12":0,"13":1,"14":0,"15":0,"16":1,"17":0},"f":{"0":0,"1":0,"2":0,"3":0,"4":0,"5":0,"6":0},"b":{},"_coverageSchema":"1a1c01bbd47fc00a2c39e90264f33305004495a9","hash":"1c3c7c5429afa7aefd3db5c0dc833b1e59fe9fe4"}
,"/Users/Sayre/coding/CodingChallenge/src/helpers/index.js": {"path":"/Users/Sayre/coding/CodingChallenge/src/helpers/index.js","statementMap":{"0":{"start":{"line":4,"column":25},"end":{"line":23,"column":1}},"1":{"start":{"line":5,"column":2},"end":{"line":22,"column":3}},"2":{"start":{"line":6,"column":26},"end":{"line":6,"column":60}},"3":{"start":{"line":7,"column":21},"end":{"line":14,"column":6}},"4":{"start":{"line":15,"column":4},"end":{"line":17,"column":5}},"5":{"start":{"line":16,"column":6},"end":{"line":16,"column":51}},"6":{"start":{"line":18,"column":4},"end":{"line":18,"column":27}},"7":{"start":{"line":20,"column":4},"end":{"line":20,"column":23}},"8":{"start":{"line":21,"column":4},"end":{"line":21,"column":53}}},"fnMap":{"0":{"name":"(anonymous_0)","decl":{"start":{"line":4,"column":25},"end":{"line":4,"column":26}},"loc":{"start":{"line":4,"column":59},"end":{"line":23,"column":1}},"line":4}},"branchMap":{"0":{"loc":{"start":{"line":4,"column":32},"end":{"line":4,"column":48}},"type":"default-arg","locations":[{"start":{"line":4,"column":46},"end":{"line":4,"column":48}}],"line":4},"1":{"loc":{"start":{"line":15,"column":4},"end":{"line":17,"column":5}},"type":"if","locations":[{"start":{"line":15,"column":4},"end":{"line":17,"column":5}},{"start":{},"end":{}}],"line":15}},"s":{"0":2,"1":1,"2":1,"3":1,"4":1,"5":0,"6":1,"7":0,"8":0},"f":{"0":1},"b":{"0":[0],"1":[0,1]},"_coverageSchema":"1a1c01bbd47fc00a2c39e90264f33305004495a9","hash":"5bff3ae65312dc89be4a9bec01cbe4c1b2fa1746"}
,"/Users/Sayre/coding/CodingChallenge/src/reducers/form.js": {"path":"/Users/Sayre/coding/CodingChallenge/src/reducers/form.js","statementMap":{"0":{"start":{"line":6,"column":45},"end":{"line":20,"column":1}},"1":{"start":{"line":24,"column":20},"end":{"line":38,"column":1}},"2":{"start":{"line":25,"column":2},"end":{"line":37,"column":3}},"3":{"start":{"line":27,"column":21},"end":{"line":27,"column":26}},"4":{"start":{"line":28,"column":43},"end":{"line":28,"column":49}},"5":{"start":{"line":29,"column":6},"end":{"line":32,"column":7}},"6":{"start":{"line":35,"column":6},"end":{"line":35,"column":18}}},"fnMap":{"0":{"name":"(anonymous_0)","decl":{"start":{"line":24,"column":20},"end":{"line":24,"column":21}},"loc":{"start":{"line":24,"column":96},"end":{"line":38,"column":1}},"line":24}},"branchMap":{"0":{"loc":{"start":{"line":24,"column":21},"end":{"line":24,"column":58}},"type":"default-arg","locations":[{"start":{"line":24,"column":46},"end":{"line":24,"column":58}}],"line":24},"1":{"loc":{"start":{"line":25,"column":2},"end":{"line":37,"column":3}},"type":"switch","locations":[{"start":{"line":26,"column":4},"end":{"line":33,"column":5}},{"start":{"line":34,"column":4},"end":{"line":36,"column":5}}],"line":25}},"s":{"0":2,"1":2,"2":1,"3":1,"4":1,"5":1,"6":0},"f":{"0":1},"b":{"0":[0],"1":[1,0]},"_coverageSchema":"1a1c01bbd47fc00a2c39e90264f33305004495a9","hash":"42cf418c942e41cdb7bd1be6eb4d63619a7bfe3e"}
}
