TN:
SF:src/components/app.js
FN:8,(anonymous_0)
FNF:1
FNH:1
FNDA:1,(anonymous_0)
DA:8,1
DA:9,1
LF:2
LH:2
BRF:0
BRH:0
end_of_record
TN:
SF:src/components/forms/fields/checkbox.js
FN:5,(anonymous_0)
FN:9,(anonymous_1)
FNF:2
FNH:1
FNDA:1,(anonymous_0)
FNDA:0,(anonymous_1)
DA:5,2
DA:7,1
DA:10,0
DA:11,0
DA:12,0
DA:14,0
DA:15,0
LF:7
LH:2
BRDA:10,0,0,0
BRDA:10,0,1,0
BRF:2
BRH:0
end_of_record
TN:
SF:src/components/forms/fields/multiSelect.js
FN:10,(anonymous_0)
FN:14,(anonymous_1)
FN:23,(anonymous_2)
FNF:3
FNH:2
FNDA:1,(anonymous_0)
FNDA:0,(anonymous_1)
FNDA:10,(anonymous_2)
DA:10,2
DA:11,1
DA:15,0
DA:16,0
DA:17,0
DA:18,0
DA:21,0
DA:24,10
LF:8
LH:3
BRDA:17,0,0,0
BRDA:17,0,1,0
BRF:2
BRH:0
end_of_record
TN:
SF:src/components/forms/fields/radioSelector.js
FN:6,(anonymous_0)
FN:11,(anonymous_1)
FN:17,(anonymous_2)
FN:23,(anonymous_3)
FN:29,(anonymous_4)
FNF:5
FNH:1
FNDA:1,(anonymous_0)
FNDA:0,(anonymous_1)
FNDA:0,(anonymous_2)
FNDA:0,(anonymous_3)
FNDA:0,(anonymous_4)
DA:6,2
DA:7,1
DA:12,0
DA:18,0
DA:24,0
DA:30,0
LF:6
LH:2
BRF:0
BRH:0
end_of_record
TN:
SF:src/components/forms/fields/select.js
FN:8,(anonymous_0)
FN:14,(anonymous_1)
FN:15,(anonymous_2)
FNF:3
FNH:2
FNDA:1,(anonymous_0)
FNDA:0,(anonymous_1)
FNDA:7,(anonymous_2)
DA:8,2
DA:9,1
DA:11,1
DA:14,0
DA:16,7
DA:17,0
DA:21,7
LF:7
LH:5
BRDA:9,0,0,1
BRDA:9,0,1,0
BRDA:16,1,0,0
BRDA:16,1,1,7
BRF:4
BRH:2
end_of_record
TN:
SF:src/components/forms/fields/textInput.js
FN:6,(anonymous_0)
FN:9,(anonymous_1)
FNF:2
FNH:1
FNDA:1,(anonymous_0)
FNDA:0,(anonymous_1)
DA:6,2
DA:8,1
DA:10,0
LF:3
LH:2
BRF:0
BRH:0
end_of_record
TN:
SF:src/components/forms/fields/textarea.js
FN:6,(anonymous_0)
FN:10,(anonymous_1)
FNF:2
FNH:1
FNDA:1,(anonymous_0)
FNDA:0,(anonymous_1)
DA:6,2
DA:7,1
DA:11,0
LF:3
LH:2
BRF:0
BRH:0
end_of_record
TN:
SF:src/components/userResponse/index.js
FNF:0
FNH:0
LF:0
LH:0
BRF:0
BRH:0
end_of_record
TN:
SF:src/containers/applicationResponse.js
FN:10,(anonymous_0)
FN:13,(anonymous_1)
FN:69,(anonymous_2)
FN:85,(anonymous_3)
FNF:4
FNH:0
FNDA:0,(anonymous_0)
FNDA:0,(anonymous_1)
FNDA:0,(anonymous_2)
FNDA:0,(anonymous_3)
DA:10,1
DA:11,0
DA:13,0
DA:14,0
DA:17,0
DA:70,0
DA:85,1
LF:7
LH:2
BRF:0
BRH:0
end_of_record
TN:
SF:src/containers/form.js
FN:23,(anonymous_0)
FN:30,(anonymous_1)
FN:41,(anonymous_2)
FN:77,(anonymous_3)
FN:108,(anonymous_4)
FN:109,(anonymous_5)
FN:112,(anonymous_6)
FNF:7
FNH:0
FNDA:0,(anonymous_0)
FNDA:0,(anonymous_1)
FNDA:0,(anonymous_2)
FNDA:0,(anonymous_3)
FNDA:0,(anonymous_4)
FNDA:0,(anonymous_5)
FNDA:0,(anonymous_6)
DA:21,1
DA:23,1
DA:24,0
DA:25,0
DA:31,0
DA:32,0
DA:33,0
DA:34,0
DA:35,0
DA:36,0
DA:37,0
DA:42,0
DA:78,0
DA:108,1
DA:109,0
DA:112,1
LF:16
LH:4
BRF:0
BRH:0
end_of_record
TN:
SF:src/helpers/index.js
FN:4,(anonymous_0)
FNF:1
FNH:1
FNDA:1,(anonymous_0)
DA:4,2
DA:5,1
DA:6,1
DA:7,1
DA:15,1
DA:16,0
DA:18,1
DA:20,0
DA:21,0
LF:9
LH:6
BRDA:4,0,0,0
BRDA:15,1,0,0
BRDA:15,1,1,1
BRF:3
BRH:1
end_of_record
TN:
SF:src/reducers/form.js
FN:24,(anonymous_0)
FNF:1
FNH:1
FNDA:1,(anonymous_0)
DA:6,2
DA:24,2
DA:25,1
DA:27,1
DA:28,1
DA:29,1
DA:30,0
DA:35,1
DA:41,0
LF:9
LH:7
BRDA:24,0,0,0
BRDA:25,1,0,1
BRDA:25,1,1,0
BRDA:29,2,0,0
BRDA:29,2,1,1
BRF:5
BRH:2
end_of_record
